# JRE version: Java(TM) SE Runtime Environment (8.0_91-b14) (build 1.8.0_91-b14)
# Java VM: Java HotSpot(TM) 64-Bit Server VM (25.91-b14 mixed mode bsd-amd64 compressed oops)
Heap:
 PSYoungGen      total 744448K, used 282728K [0x0000000715580000, 0x0000000763b00000, 0x00000007c0000000)
  eden space 480768K, 9% used [0x0000000715580000,0x000000071846b150,0x0000000732b00000)
  from space 263680K, 89% used [0x0000000732b00000,0x000000074102ef90,0x0000000742c80000)
  to   space 291840K, 0% used [0x0000000751e00000,0x0000000751e00000,0x0000000763b00000)
 ParOldGen       total 620544K, used 380230K [0x00000005c0000000, 0x00000005e5e00000, 0x0000000715580000)
  object space 620544K, 61% used [0x00000005c0000000,0x00000005d7351928,0x00000005e5e00000)
 Metaspace       used 19995K, capacity 20249K, committed 20608K, reserved 1067008K
  class space    used 2257K, capacity 2345K, committed 2432K, reserved 1048576K
GC Heap History (10 events):
Event: 7.426 GC heap before
{Heap before GC invocations=15 (full 3):
 PSYoungGen      total 456704K, used 413423K [0x0000000715580000, 0x0000000748c80000, 0x00000007c0000000)
  eden space 220672K, 99% used [0x0000000715580000,0x0000000722cdadb8,0x0000000722d00000)
  from space 236032K, 81% used [0x0000000722d00000,0x000000072e9610d0,0x0000000731380000)
  to   space 257536K, 0% used [0x0000000739100000,0x0000000739100000,0x0000000748c80000)
 ParOldGen       total 584192K, used 314600K [0x00000005c0000000, 0x00000005e3a80000, 0x0000000715580000)
  object space 584192K, 53% used [0x00000005c0000000,0x00000005d333a240,0x00000005e3a80000)
 Metaspace       used 19414K, capacity 19609K, committed 19968K, reserved 1067008K
  class space    used 2205K, capacity 2281K, committed 2304K, reserved 1048576K
Event: 7.476 GC heap after
Heap after GC invocations=15 (full 3):
 PSYoungGen      total 577024K, used 139107K [0x0000000715580000, 0x0000000748580000, 0x00000007c0000000)
  eden space 326656K, 0% used [0x0000000715580000,0x0000000715580000,0x0000000729480000)
  from space 250368K, 55% used [0x0000000739100000,0x00000007418d8cc0,0x0000000748580000)
  to   space 254464K, 0% used [0x0000000729480000,0x0000000729480000,0x0000000738d00000)
 ParOldGen       total 584192K, used 438659K [0x00000005c0000000, 0x00000005e3a80000, 0x0000000715580000)
  object space 584192K, 75% used [0x00000005c0000000,0x00000005dac60c90,0x00000005e3a80000)
 Metaspace       used 19414K, capacity 19609K, committed 19968K, reserved 1067008K
  class space    used 2205K, capacity 2281K, committed 2304K, reserved 1048576K
}
Event: 7.476 GC heap before
{Heap before GC invocations=16 (full 4):
 PSYoungGen      total 577024K, used 139107K [0x0000000715580000, 0x0000000748580000, 0x00000007c0000000)
  eden space 326656K, 0% used [0x0000000715580000,0x0000000715580000,0x0000000729480000)
  from space 250368K, 55% used [0x0000000739100000,0x00000007418d8cc0,0x0000000748580000)
  to   space 254464K, 0% used [0x0000000729480000,0x0000000729480000,0x0000000738d00000)
 ParOldGen       total 584192K, used 438659K [0x00000005c0000000, 0x00000005e3a80000, 0x0000000715580000)
  object space 584192K, 75% used [0x00000005c0000000,0x00000005dac60c90,0x00000005e3a80000)
 Metaspace       used 19414K, capacity 19609K, committed 19968K, reserved 1067008K
  class space    used 2205K, capacity 2281K, committed 2304K, reserved 1048576K
Event: 7.519 GC heap after
Heap after GC invocations=16 (full 4):
 PSYoungGen      total 577024K, used 0K [0x0000000715580000, 0x0000000748580000, 0x00000007c0000000)
  eden space 326656K, 0% used [0x0000000715580000,0x0000000715580000,0x0000000729480000)
  from space 250368K, 0% used [0x0000000739100000,0x0000000739100000,0x0000000748580000)
  to   space 254464K, 0% used [0x0000000729480000,0x0000000729480000,0x0000000738d00000)
 ParOldGen       total 620544K, used 300008K [0x00000005c0000000, 0x00000005e5e00000, 0x0000000715580000)
  object space 620544K, 48% used [0x00000005c0000000,0x00000005d24fa2d8,0x00000005e5e00000)
 Metaspace       used 19414K, capacity 19609K, committed 19968K, reserved 1067008K
  class space    used 2205K, capacity 2281K, committed 2304K, reserved 1048576K
}
Event: 8.071 GC heap before
{Heap before GC invocations=17 (full 4):
 PSYoungGen      total 577024K, used 326656K [0x0000000715580000, 0x0000000748580000, 0x00000007c0000000)
  eden space 326656K, 100% used [0x0000000715580000,0x0000000729480000,0x0000000729480000)
  from space 250368K, 0% used [0x0000000739100000,0x0000000739100000,0x0000000748580000)
  to   space 254464K, 0% used [0x0000000729480000,0x0000000729480000,0x0000000738d00000)
 ParOldGen       total 620544K, used 300008K [0x00000005c0000000, 0x00000005e5e00000, 0x0000000715580000)
  object space 620544K, 48% used [0x00000005c0000000,0x00000005d24fa2d8,0x00000005e5e00000)
 Metaspace       used 19419K, capacity 19609K, committed 19968K, reserved 1067008K
  class space    used 2205K, capacity 2281K, committed 2304K, reserved 1048576K
Event: 8.098 GC heap after
Heap after GC invocations=17 (full 4):
 PSYoungGen      total 581120K, used 173604K [0x0000000715580000, 0x0000000752e00000, 0x00000007c0000000)
  eden space 326656K, 0% used [0x0000000715580000,0x0000000715580000,0x0000000729480000)
  from space 254464K, 68% used [0x0000000729480000,0x0000000733e09010,0x0000000738d00000)
  to   space 263680K, 0% used [0x0000000742c80000,0x0000000742c80000,0x0000000752e00000)
 ParOldGen       total 620544K, used 300008K [0x00000005c0000000, 0x00000005e5e00000, 0x0000000715580000)
  object space 620544K, 48% used [0x00000005c0000000,0x00000005d24fa2d8,0x00000005e5e00000)
 Metaspace       used 19419K, capacity 19609K, committed 19968K, reserved 1067008K
  class space    used 2205K, capacity 2281K, committed 2304K, reserved 1048576K
}
Event: 8.425 GC heap before
{Heap before GC invocations=18 (full 4):
 PSYoungGen      total 581120K, used 499973K [0x0000000715580000, 0x0000000752e00000, 0x00000007c0000000)
  eden space 326656K, 99% used [0x0000000715580000,0x0000000729438710,0x0000000729480000)
  from space 254464K, 68% used [0x0000000729480000,0x0000000733e09010,0x0000000738d00000)
  to   space 263680K, 0% used [0x0000000742c80000,0x0000000742c80000,0x0000000752e00000)
 ParOldGen       total 620544K, used 300008K [0x00000005c0000000, 0x00000005e5e00000, 0x0000000715580000)
  object space 620544K, 48% used [0x00000005c0000000,0x00000005d24fa2d8,0x00000005e5e00000)
 Metaspace       used 19424K, capacity 19673K, committed 19968K, reserved 1067008K
  class space    used 2205K, capacity 2281K, committed 2304K, reserved 1048576K
Event: 8.476 GC heap after
Heap after GC invocations=18 (full 4):
 PSYoungGen      total 744448K, used 156547K [0x0000000715580000, 0x0000000752f00000, 0x00000007c0000000)
  eden space 480768K, 0% used [0x0000000715580000,0x0000000715580000,0x0000000732b00000)
  from space 263680K, 59% used [0x0000000742c80000,0x000000074c560ea0,0x0000000752e00000)
  to   space 263680K, 0% used [0x0000000732b00000,0x0000000732b00000,0x0000000742c80000)
 ParOldGen       total 620544K, used 365297K [0x00000005c0000000, 0x00000005e5e00000, 0x0000000715580000)
  object space 620544K, 58% used [0x00000005c0000000,0x00000005d64bc7e8,0x00000005e5e00000)
 Metaspace       used 19424K, capacity 19673K, committed 19968K, reserved 1067008K
  class space    used 2205K, capacity 2281K, committed 2304K, reserved 1048576K
}
Event: 9.009 GC heap before
{Heap before GC invocations=19 (full 4):
 PSYoungGen      total 744448K, used 593925K [0x0000000715580000, 0x0000000752f00000, 0x00000007c0000000)
  eden space 480768K, 90% used [0x0000000715580000,0x00000007300a0818,0x0000000732b00000)
  from space 263680K, 59% used [0x0000000742c80000,0x000000074c560ea0,0x0000000752e00000)
  to   space 263680K, 0% used [0x0000000732b00000,0x0000000732b00000,0x0000000742c80000)
 ParOldGen       total 620544K, used 365297K [0x00000005c0000000, 0x00000005e5e00000, 0x0000000715580000)
  object space 620544K, 58% used [0x00000005c0000000,0x00000005d64bc7e8,0x00000005e5e00000)
 Metaspace       used 19940K, capacity 20185K, committed 20608K, reserved 1067008K
  class space    used 2253K, capacity 2345K, committed 2432K, reserved 1048576K
Event: 9.031 GC heap after
Heap after GC invocations=19 (full 4):
 PSYoungGen      total 744448K, used 234683K [0x0000000715580000, 0x0000000763b00000, 0x00000007c0000000)
  eden space 480768K, 0% used [0x0000000715580000,0x0000000715580000,0x0000000732b00000)
  from space 263680K, 89% used [0x0000000732b00000,0x000000074102ef90,0x0000000742c80000)
  to   space 291840K, 0% used [0x0000000751e00000,0x0000000751e00000,0x0000000763b00000)
 ParOldGen       total 620544K, used 380230K [0x00000005c0000000, 0x00000005e5e00000, 0x0000000715580000)
  object space 620544K, 61% used [0x00000005c0000000,0x00000005d7351928,0x00000005e5e00000)
 Metaspace       used 19940K, capacity 20185K, committed 20608K, reserved 1067008K
  class space    used 2253K, capacity 2345K, committed 2432K, reserved 1048576K
}

