# JRE version: Java(TM) SE Runtime Environment (8.0_91-b14) (build 1.8.0_91-b14)
# Java VM: Java HotSpot(TM) 64-Bit Server VM (25.91-b14 mixed mode bsd-amd64 compressed oops)
Heap:
 PSYoungGen      total 850944K, used 429957K [0x0000000715580000, 0x0000000778280000, 0x00000007c0000000)
  eden space 676864K, 56% used [0x0000000715580000,0x000000072c9913a0,0x000000073ea80000)
  from space 174080K, 28% used [0x000000073ea80000,0x0000000741a50390,0x0000000749480000)
  to   space 171008K, 0% used [0x000000076db80000,0x000000076db80000,0x0000000778280000)
 ParOldGen       total 476160K, used 186649K [0x00000005c0000000, 0x00000005dd100000, 0x0000000715580000)
  object space 476160K, 39% used [0x00000005c0000000,0x00000005cb646638,0x00000005dd100000)
 Metaspace       used 19452K, capacity 19687K, committed 20096K, reserved 1067008K
  class space    used 2235K, capacity 2315K, committed 2432K, reserved 1048576K
GC Heap History (10 events):
Event: 5.381 GC heap before
{Heap before GC invocations=8 (full 2):
 PSYoungGen      total 284672K, used 284459K [0x0000000715580000, 0x0000000737780000, 0x00000007c0000000)
  eden space 263168K, 99% used [0x0000000715580000,0x0000000725652a48,0x0000000725680000)
  from space 21504K, 99% used [0x0000000725680000,0x0000000726b78220,0x0000000726b80000)
  to   space 21504K, 0% used [0x0000000736280000,0x0000000736280000,0x0000000737780000)
 ParOldGen       total 536064K, used 347920K [0x00000005c0000000, 0x00000005e0b80000, 0x0000000715580000)
  object space 536064K, 64% used [0x00000005c0000000,0x00000005d53c4248,0x00000005e0b80000)
 Metaspace       used 18768K, capacity 18983K, committed 19200K, reserved 1067008K
  class space    used 2174K, capacity 2251K, committed 2304K, reserved 1048576K
Event: 5.406 GC heap after
Heap after GC invocations=8 (full 2):
 PSYoungGen      total 376320K, used 21472K [0x0000000715580000, 0x000000074b580000, 0x00000007c0000000)
  eden space 354816K, 0% used [0x0000000715580000,0x0000000715580000,0x000000072b000000)
  from space 21504K, 99% used [0x0000000736280000,0x00000007377781c0,0x0000000737780000)
  to   space 182784K, 0% used [0x000000072b000000,0x000000072b000000,0x0000000736280000)
 ParOldGen       total 536064K, used 409874K [0x00000005c0000000, 0x00000005e0b80000, 0x0000000715580000)
  object space 536064K, 76% used [0x00000005c0000000,0x00000005d90448d8,0x00000005e0b80000)
 Metaspace       used 18768K, capacity 18983K, committed 19200K, reserved 1067008K
  class space    used 2174K, capacity 2251K, committed 2304K, reserved 1048576K
}
Event: 5.406 GC heap before
{Heap before GC invocations=9 (full 3):
 PSYoungGen      total 376320K, used 21472K [0x0000000715580000, 0x000000074b580000, 0x00000007c0000000)
  eden space 354816K, 0% used [0x0000000715580000,0x0000000715580000,0x000000072b000000)
  from space 21504K, 99% used [0x0000000736280000,0x00000007377781c0,0x0000000737780000)
  to   space 182784K, 0% used [0x000000072b000000,0x000000072b000000,0x0000000736280000)
 ParOldGen       total 536064K, used 409874K [0x00000005c0000000, 0x00000005e0b80000, 0x0000000715580000)
  object space 536064K, 76% used [0x00000005c0000000,0x00000005d90448d8,0x00000005e0b80000)
 Metaspace       used 18768K, capacity 18983K, committed 19200K, reserved 1067008K
  class space    used 2174K, capacity 2251K, committed 2304K, reserved 1048576K
Event: 5.436 GC heap after
Heap after GC invocations=9 (full 3):
 PSYoungGen      total 376320K, used 0K [0x0000000715580000, 0x000000074b580000, 0x00000007c0000000)
  eden space 354816K, 0% used [0x0000000715580000,0x0000000715580000,0x000000072b000000)
  from space 21504K, 0% used [0x0000000736280000,0x0000000736280000,0x0000000737780000)
  to   space 182784K, 0% used [0x000000072b000000,0x000000072b000000,0x0000000736280000)
 ParOldGen       total 476160K, used 186633K [0x00000005c0000000, 0x00000005dd100000, 0x0000000715580000)
  object space 476160K, 39% used [0x00000005c0000000,0x00000005cb642638,0x00000005dd100000)
 Metaspace       used 18768K, capacity 18983K, committed 19200K, reserved 1067008K
  class space    used 2174K, capacity 2251K, committed 2304K, reserved 1048576K
}
Event: 5.957 GC heap before
{Heap before GC invocations=10 (full 3):
 PSYoungGen      total 376320K, used 354287K [0x0000000715580000, 0x000000074b580000, 0x00000007c0000000)
  eden space 354816K, 99% used [0x0000000715580000,0x000000072af7bc38,0x000000072b000000)
  from space 21504K, 0% used [0x0000000736280000,0x0000000736280000,0x0000000737780000)
  to   space 182784K, 0% used [0x000000072b000000,0x000000072b000000,0x0000000736280000)
 ParOldGen       total 476160K, used 186633K [0x00000005c0000000, 0x00000005dd100000, 0x0000000715580000)
  object space 476160K, 39% used [0x00000005c0000000,0x00000005cb642638,0x00000005dd100000)
 Metaspace       used 18782K, capacity 18983K, committed 19200K, reserved 1067008K
  class space    used 2174K, capacity 2251K, committed 2304K, reserved 1048576K
Event: 5.981 GC heap after
Heap after GC invocations=10 (full 3):
 PSYoungGen      total 537600K, used 74625K [0x0000000715580000, 0x0000000753d00000, 0x00000007c0000000)
  eden space 354816K, 0% used [0x0000000715580000,0x0000000715580000,0x000000072b000000)
  from space 182784K, 40% used [0x000000072b000000,0x000000072f8e07c0,0x0000000736280000)
  to   space 171008K, 0% used [0x0000000749600000,0x0000000749600000,0x0000000753d00000)
 ParOldGen       total 476160K, used 186641K [0x00000005c0000000, 0x00000005dd100000, 0x0000000715580000)
  object space 476160K, 39% used [0x00000005c0000000,0x00000005cb644638,0x00000005dd100000)
 Metaspace       used 18782K, capacity 18983K, committed 19200K, reserved 1067008K
  class space    used 2174K, capacity 2251K, committed 2304K, reserved 1048576K
}
Event: 6.330 GC heap before
{Heap before GC invocations=11 (full 3):
 PSYoungGen      total 537600K, used 429430K [0x0000000715580000, 0x0000000753d00000, 0x00000007c0000000)
  eden space 354816K, 99% used [0x0000000715580000,0x000000072affd200,0x000000072b000000)
  from space 182784K, 40% used [0x000000072b000000,0x000000072f8e07c0,0x0000000736280000)
  to   space 171008K, 0% used [0x0000000749600000,0x0000000749600000,0x0000000753d00000)
 ParOldGen       total 476160K, used 186641K [0x00000005c0000000, 0x00000005dd100000, 0x0000000715580000)
  object space 476160K, 39% used [0x00000005c0000000,0x00000005cb644638,0x00000005dd100000)
 Metaspace       used 18796K, capacity 18983K, committed 19200K, reserved 1067008K
  class space    used 2174K, capacity 2251K, committed 2304K, reserved 1048576K
Event: 6.366 GC heap after
Heap after GC invocations=11 (full 3):
 PSYoungGen      total 847872K, used 113554K [0x0000000715580000, 0x0000000753e80000, 0x00000007c0000000)
  eden space 676864K, 0% used [0x0000000715580000,0x0000000715580000,0x000000073ea80000)
  from space 171008K, 66% used [0x0000000749600000,0x00000007504e4be0,0x0000000753d00000)
  to   space 174080K, 0% used [0x000000073ea80000,0x000000073ea80000,0x0000000749480000)
 ParOldGen       total 476160K, used 186649K [0x00000005c0000000, 0x00000005dd100000, 0x0000000715580000)
  object space 476160K, 39% used [0x00000005c0000000,0x00000005cb646638,0x00000005dd100000)
 Metaspace       used 18796K, capacity 18983K, committed 19200K, reserved 1067008K
  class space    used 2174K, capacity 2251K, committed 2304K, reserved 1048576K
}
Event: 6.776 GC heap before
{Heap before GC invocations=12 (full 3):
 PSYoungGen      total 847872K, used 760996K [0x0000000715580000, 0x0000000753e80000, 0x00000007c0000000)
  eden space 676864K, 95% used [0x0000000715580000,0x000000073cdc4778,0x000000073ea80000)
  from space 171008K, 66% used [0x0000000749600000,0x00000007504e4be0,0x0000000753d00000)
  to   space 174080K, 0% used [0x000000073ea80000,0x000000073ea80000,0x0000000749480000)
 ParOldGen       total 476160K, used 186649K [0x00000005c0000000, 0x00000005dd100000, 0x0000000715580000)
  object space 476160K, 39% used [0x00000005c0000000,0x00000005cb646638,0x00000005dd100000)
 Metaspace       used 18799K, capacity 18983K, committed 19200K, reserved 1067008K
  class space    used 2174K, capacity 2251K, committed 2304K, reserved 1048576K
Event: 6.792 GC heap after
Heap after GC invocations=12 (full 3):
 PSYoungGen      total 850944K, used 48960K [0x0000000715580000, 0x0000000778280000, 0x00000007c0000000)
  eden space 676864K, 0% used [0x0000000715580000,0x0000000715580000,0x000000073ea80000)
  from space 174080K, 28% used [0x000000073ea80000,0x0000000741a50390,0x0000000749480000)
  to   space 171008K, 0% used [0x000000076db80000,0x000000076db80000,0x0000000778280000)
 ParOldGen       total 476160K, used 186649K [0x00000005c0000000, 0x00000005dd100000, 0x0000000715580000)
  object space 476160K, 39% used [0x00000005c0000000,0x00000005cb646638,0x00000005dd100000)
 Metaspace       used 18799K, capacity 18983K, committed 19200K, reserved 1067008K
  class space    used 2174K, capacity 2251K, committed 2304K, reserved 1048576K
}

