# JRE version: Java(TM) SE Runtime Environment (8.0_91-b14) (build 1.8.0_91-b14)
# Java VM: Java HotSpot(TM) 64-Bit Server VM (25.91-b14 mixed mode bsd-amd64 compressed oops)
Heap:
 PSYoungGen      total 970240K, used 307709K [0x0000000715580000, 0x000000076d980000, 0x00000007c0000000)
  eden space 757760K, 12% used [0x0000000715580000,0x000000071b2805e8,0x0000000743980000)
  from space 212480K, 99% used [0x0000000760a00000,0x000000076d97f0f0,0x000000076d980000)
  to   space 318464K, 0% used [0x0000000746b80000,0x0000000746b80000,0x000000075a280000)
 ParOldGen       total 673280K, used 329153K [0x00000005c0000000, 0x00000005e9180000, 0x0000000715580000)
  object space 673280K, 48% used [0x00000005c0000000,0x00000005d4170618,0x00000005e9180000)
 Metaspace       used 19498K, capacity 19751K, committed 20096K, reserved 1067008K
  class space    used 2229K, capacity 2315K, committed 2432K, reserved 1048576K
GC Heap History (10 events):
Event: 5.244 GC heap before
{Heap before GC invocations=10 (full 4):
 PSYoungGen      total 343040K, used 21424K [0x0000000715580000, 0x000000074e600000, 0x00000007c0000000)
  eden space 321536K, 0% used [0x0000000715580000,0x0000000715580000,0x0000000728f80000)
  from space 21504K, 99% used [0x0000000736380000,0x000000073786c230,0x0000000737880000)
  to   space 217088K, 0% used [0x0000000728f80000,0x0000000728f80000,0x0000000736380000)
 ParOldGen       total 583680K, used 388471K [0x00000005c0000000, 0x00000005e3a00000, 0x0000000715580000)
  object space 583680K, 66% used [0x00000005c0000000,0x00000005d7b5dcf8,0x00000005e3a00000)
 Metaspace       used 18813K, capacity 19047K, committed 19456K, reserved 1067008K
  class space    used 2168K, capacity 2251K, committed 2304K, reserved 1048576K
Event: 5.285 GC heap after
Heap after GC invocations=10 (full 4):
 PSYoungGen      total 343040K, used 0K [0x0000000715580000, 0x000000074e600000, 0x00000007c0000000)
  eden space 321536K, 0% used [0x0000000715580000,0x0000000715580000,0x0000000728f80000)
  from space 21504K, 0% used [0x0000000736380000,0x0000000736380000,0x0000000737880000)
  to   space 217088K, 0% used [0x0000000728f80000,0x0000000728f80000,0x0000000736380000)
 ParOldGen       total 673280K, used 298848K [0x00000005c0000000, 0x00000005e9180000, 0x0000000715580000)
  object space 673280K, 44% used [0x00000005c0000000,0x00000005d23d8308,0x00000005e9180000)
 Metaspace       used 18813K, capacity 19047K, committed 19456K, reserved 1067008K
  class space    used 2168K, capacity 2251K, committed 2304K, reserved 1048576K
}
Event: 5.522 GC heap before
{Heap before GC invocations=11 (full 4):
 PSYoungGen      total 343040K, used 321142K [0x0000000715580000, 0x000000074e600000, 0x00000007c0000000)
  eden space 321536K, 99% used [0x0000000715580000,0x0000000728f1db20,0x0000000728f80000)
  from space 21504K, 0% used [0x0000000736380000,0x0000000736380000,0x0000000737880000)
  to   space 217088K, 0% used [0x0000000728f80000,0x0000000728f80000,0x0000000736380000)
 ParOldGen       total 673280K, used 298848K [0x00000005c0000000, 0x00000005e9180000, 0x0000000715580000)
  object space 673280K, 44% used [0x00000005c0000000,0x00000005d23d8308,0x00000005e9180000)
 Metaspace       used 18832K, capacity 19047K, committed 19456K, reserved 1067008K
  class space    used 2168K, capacity 2251K, committed 2304K, reserved 1048576K
Event: 5.572 GC heap after
Heap after GC invocations=11 (full 4):
 PSYoungGen      total 538624K, used 161171K [0x0000000715580000, 0x0000000754b80000, 0x00000007c0000000)
  eden space 321536K, 0% used [0x0000000715580000,0x0000000715580000,0x0000000728f80000)
  from space 217088K, 74% used [0x0000000728f80000,0x0000000732ce4e10,0x0000000736380000)
  to   space 235008K, 0% used [0x0000000746600000,0x0000000746600000,0x0000000754b80000)
 ParOldGen       total 673280K, used 298856K [0x00000005c0000000, 0x00000005e9180000, 0x0000000715580000)
  object space 673280K, 44% used [0x00000005c0000000,0x00000005d23da308,0x00000005e9180000)
 Metaspace       used 18832K, capacity 19047K, committed 19456K, reserved 1067008K
  class space    used 2168K, capacity 2251K, committed 2304K, reserved 1048576K
}
Event: 5.725 GC heap before
{Heap before GC invocations=12 (full 4):
 PSYoungGen      total 538624K, used 482233K [0x0000000715580000, 0x0000000754b80000, 0x00000007c0000000)
  eden space 321536K, 99% used [0x0000000715580000,0x0000000728f09800,0x0000000728f80000)
  from space 217088K, 74% used [0x0000000728f80000,0x0000000732ce4e10,0x0000000736380000)
  to   space 235008K, 0% used [0x0000000746600000,0x0000000746600000,0x0000000754b80000)
 ParOldGen       total 673280K, used 298856K [0x00000005c0000000, 0x00000005e9180000, 0x0000000715580000)
  object space 673280K, 44% used [0x00000005c0000000,0x00000005d23da308,0x00000005e9180000)
 Metaspace       used 18842K, capacity 19047K, committed 19456K, reserved 1067008K
  class space    used 2168K, capacity 2251K, committed 2304K, reserved 1048576K
Event: 5.798 GC heap after
Heap after GC invocations=12 (full 4):
 PSYoungGen      total 760832K, used 234996K [0x0000000715580000, 0x000000075a180000, 0x00000007c0000000)
  eden space 525824K, 0% used [0x0000000715580000,0x0000000715580000,0x0000000735700000)
  from space 235008K, 99% used [0x0000000746600000,0x0000000754b7d3a0,0x0000000754b80000)
  to   space 277504K, 0% used [0x0000000735700000,0x0000000735700000,0x0000000746600000)
 ParOldGen       total 673280K, used 312177K [0x00000005c0000000, 0x00000005e9180000, 0x0000000715580000)
  object space 673280K, 46% used [0x00000005c0000000,0x00000005d30dc478,0x00000005e9180000)
 Metaspace       used 18842K, capacity 19047K, committed 19456K, reserved 1067008K
  class space    used 2168K, capacity 2251K, committed 2304K, reserved 1048576K
}
Event: 6.080 GC heap before
{Heap before GC invocations=13 (full 4):
 PSYoungGen      total 760832K, used 760604K [0x0000000715580000, 0x000000075a180000, 0x00000007c0000000)
  eden space 525824K, 99% used [0x0000000715580000,0x00000007356ca058,0x0000000735700000)
  from space 235008K, 99% used [0x0000000746600000,0x0000000754b7d3a0,0x0000000754b80000)
  to   space 277504K, 0% used [0x0000000735700000,0x0000000735700000,0x0000000746600000)
 ParOldGen       total 673280K, used 312177K [0x00000005c0000000, 0x00000005e9180000, 0x0000000715580000)
  object space 673280K, 46% used [0x00000005c0000000,0x00000005d30dc478,0x00000005e9180000)
 Metaspace       used 18848K, capacity 19047K, committed 19456K, reserved 1067008K
  class space    used 2168K, capacity 2251K, committed 2304K, reserved 1048576K
Event: 6.151 GC heap after
Heap after GC invocations=13 (full 4):
 PSYoungGen      total 803328K, used 229860K [0x0000000715580000, 0x0000000773480000, 0x00000007c0000000)
  eden space 525824K, 0% used [0x0000000715580000,0x0000000715580000,0x0000000735700000)
  from space 277504K, 82% used [0x0000000735700000,0x0000000743779340,0x0000000746600000)
  to   space 305664K, 0% used [0x0000000760a00000,0x0000000760a00000,0x0000000773480000)
 ParOldGen       total 673280K, used 312177K [0x00000005c0000000, 0x00000005e9180000, 0x0000000715580000)
  object space 673280K, 46% used [0x00000005c0000000,0x00000005d30dc478,0x00000005e9180000)
 Metaspace       used 18848K, capacity 19047K, committed 19456K, reserved 1067008K
  class space    used 2168K, capacity 2251K, committed 2304K, reserved 1048576K
}
Event: 6.597 GC heap before
{Heap before GC invocations=14 (full 4):
 PSYoungGen      total 803328K, used 723281K [0x0000000715580000, 0x0000000773480000, 0x00000007c0000000)
  eden space 525824K, 93% used [0x0000000715580000,0x000000073375b240,0x0000000735700000)
  from space 277504K, 82% used [0x0000000735700000,0x0000000743779340,0x0000000746600000)
  to   space 305664K, 0% used [0x0000000760a00000,0x0000000760a00000,0x0000000773480000)
 ParOldGen       total 673280K, used 312177K [0x00000005c0000000, 0x00000005e9180000, 0x0000000715580000)
  object space 673280K, 46% used [0x00000005c0000000,0x00000005d30dc478,0x00000005e9180000)
 Metaspace       used 19115K, capacity 19303K, committed 19712K, reserved 1067008K
  class space    used 2188K, capacity 2251K, committed 2304K, reserved 1048576K
Event: 6.650 GC heap after
Heap after GC invocations=14 (full 4):
 PSYoungGen      total 970240K, used 212476K [0x0000000715580000, 0x000000076d980000, 0x00000007c0000000)
  eden space 757760K, 0% used [0x0000000715580000,0x0000000715580000,0x0000000743980000)
  from space 212480K, 99% used [0x0000000760a00000,0x000000076d97f0f0,0x000000076d980000)
  to   space 318464K, 0% used [0x0000000746b80000,0x0000000746b80000,0x000000075a280000)
 ParOldGen       total 673280K, used 329153K [0x00000005c0000000, 0x00000005e9180000, 0x0000000715580000)
  object space 673280K, 48% used [0x00000005c0000000,0x00000005d4170618,0x00000005e9180000)
 Metaspace       used 19115K, capacity 19303K, committed 19712K, reserved 1067008K
  class space    used 2188K, capacity 2251K, committed 2304K, reserved 1048576K
}

