# JRE version: Java(TM) SE Runtime Environment (8.0_91-b14) (build 1.8.0_91-b14)
# Java VM: Java HotSpot(TM) 64-Bit Server VM (25.91-b14 mixed mode bsd-amd64 compressed oops)
Heap:
 PSYoungGen      total 696832K, used 394653K [0x0000000715580000, 0x000000075d280000, 0x00000007c0000000)
  eden space 410112K, 91% used [0x0000000715580000,0x000000072c3175d0,0x000000072e600000)
  from space 286720K, 7% used [0x000000072e600000,0x000000072f9d0150,0x000000073fe00000)
  to   space 285696K, 0% used [0x000000074bb80000,0x000000074bb80000,0x000000075d280000)
 ParOldGen       total 584704K, used 428337K [0x00000005c0000000, 0x00000005e3b00000, 0x0000000715580000)
  object space 584704K, 73% used [0x00000005c0000000,0x00000005da24c768,0x00000005e3b00000)
 Metaspace       used 19476K, capacity 19655K, committed 19968K, reserved 1067008K
  class space    used 2228K, capacity 2283K, committed 2304K, reserved 1048576K
GC Heap History (10 events):
Event: 5.719 GC heap before
{Heap before GC invocations=12 (full 3):
 PSYoungGen      total 351744K, used 328828K [0x0000000715580000, 0x0000000739980000, 0x00000007c0000000)
  eden space 180736K, 99% used [0x0000000715580000,0x00000007205c62c0,0x0000000720600000)
  from space 171008K, 86% used [0x000000072c480000,0x0000000735558d70,0x0000000736b80000)
  to   space 195072K, 0% used [0x0000000720600000,0x0000000720600000,0x000000072c480000)
 ParOldGen       total 584704K, used 266670K [0x00000005c0000000, 0x00000005e3b00000, 0x0000000715580000)
  object space 584704K, 45% used [0x00000005c0000000,0x00000005d046bac8,0x00000005e3b00000)
 Metaspace       used 18793K, capacity 19047K, committed 19456K, reserved 1067008K
  class space    used 2167K, capacity 2251K, committed 2304K, reserved 1048576K
Event: 5.752 GC heap after
Heap after GC invocations=12 (full 3):
 PSYoungGen      total 375808K, used 178500K [0x0000000715580000, 0x0000000744f80000, 0x00000007c0000000)
  eden space 180736K, 0% used [0x0000000715580000,0x0000000715580000,0x0000000720600000)
  from space 195072K, 91% used [0x0000000720600000,0x000000072b451080,0x000000072c480000)
  to   space 224256K, 0% used [0x0000000737480000,0x0000000737480000,0x0000000744f80000)
 ParOldGen       total 584704K, used 266670K [0x00000005c0000000, 0x00000005e3b00000, 0x0000000715580000)
  object space 584704K, 45% used [0x00000005c0000000,0x00000005d046bac8,0x00000005e3b00000)
 Metaspace       used 18793K, capacity 19047K, committed 19456K, reserved 1067008K
  class space    used 2167K, capacity 2251K, committed 2304K, reserved 1048576K
}
Event: 5.898 GC heap before
{Heap before GC invocations=13 (full 3):
 PSYoungGen      total 375808K, used 358837K [0x0000000715580000, 0x0000000744f80000, 0x00000007c0000000)
  eden space 180736K, 99% used [0x0000000715580000,0x000000072059c538,0x0000000720600000)
  from space 195072K, 91% used [0x0000000720600000,0x000000072b451080,0x000000072c480000)
  to   space 224256K, 0% used [0x0000000737480000,0x0000000737480000,0x0000000744f80000)
 ParOldGen       total 584704K, used 266670K [0x00000005c0000000, 0x00000005e3b00000, 0x0000000715580000)
  object space 584704K, 45% used [0x00000005c0000000,0x00000005d046bac8,0x00000005e3b00000)
 Metaspace       used 18793K, capacity 19047K, committed 19456K, reserved 1067008K
  class space    used 2167K, capacity 2251K, committed 2304K, reserved 1048576K
Event: 5.965 GC heap after
Heap after GC invocations=13 (full 3):
 PSYoungGen      total 497664K, used 214852K [0x0000000715580000, 0x0000000745880000, 0x00000007c0000000)
  eden space 273408K, 0% used [0x0000000715580000,0x0000000715580000,0x0000000726080000)
  from space 224256K, 95% used [0x0000000737480000,0x00000007446512e0,0x0000000744f80000)
  to   space 258048K, 0% used [0x0000000726080000,0x0000000726080000,0x0000000735c80000)
 ParOldGen       total 584704K, used 276462K [0x00000005c0000000, 0x00000005e3b00000, 0x0000000715580000)
  object space 584704K, 47% used [0x00000005c0000000,0x00000005d0dfbb88,0x00000005e3b00000)
 Metaspace       used 18793K, capacity 19047K, committed 19456K, reserved 1067008K
  class space    used 2167K, capacity 2251K, committed 2304K, reserved 1048576K
}
Event: 6.164 GC heap before
{Heap before GC invocations=14 (full 3):
 PSYoungGen      total 497664K, used 487978K [0x0000000715580000, 0x0000000745880000, 0x00000007c0000000)
  eden space 273408K, 99% used [0x0000000715580000,0x0000000726039600,0x0000000726080000)
  from space 224256K, 95% used [0x0000000737480000,0x00000007446512e0,0x0000000744f80000)
  to   space 258048K, 0% used [0x0000000726080000,0x0000000726080000,0x0000000735c80000)
 ParOldGen       total 584704K, used 276462K [0x00000005c0000000, 0x00000005e3b00000, 0x0000000715580000)
  object space 584704K, 47% used [0x00000005c0000000,0x00000005d0dfbb88,0x00000005e3b00000)
 Metaspace       used 18794K, capacity 19047K, committed 19456K, reserved 1067008K
  class space    used 2167K, capacity 2251K, committed 2304K, reserved 1048576K
Event: 6.190 GC heap after
Heap after GC invocations=14 (full 3):
 PSYoungGen      total 531456K, used 235429K [0x0000000715580000, 0x0000000752200000, 0x00000007c0000000)
  eden space 273408K, 0% used [0x0000000715580000,0x0000000715580000,0x0000000726080000)
  from space 258048K, 91% used [0x0000000726080000,0x0000000734669420,0x0000000735c80000)
  to   space 292864K, 0% used [0x0000000740400000,0x0000000740400000,0x0000000752200000)
 ParOldGen       total 584704K, used 301119K [0x00000005c0000000, 0x00000005e3b00000, 0x0000000715580000)
  object space 584704K, 51% used [0x00000005c0000000,0x00000005d260fd48,0x00000005e3b00000)
 Metaspace       used 18794K, capacity 19047K, committed 19456K, reserved 1067008K
  class space    used 2167K, capacity 2251K, committed 2304K, reserved 1048576K
}
Event: 6.349 GC heap before
{Heap before GC invocations=15 (full 3):
 PSYoungGen      total 531456K, used 508826K [0x0000000715580000, 0x0000000752200000, 0x00000007c0000000)
  eden space 273408K, 99% used [0x0000000715580000,0x000000072607d3e0,0x0000000726080000)
  from space 258048K, 91% used [0x0000000726080000,0x0000000734669420,0x0000000735c80000)
  to   space 292864K, 0% used [0x0000000740400000,0x0000000740400000,0x0000000752200000)
 ParOldGen       total 584704K, used 301119K [0x00000005c0000000, 0x00000005e3b00000, 0x0000000715580000)
  object space 584704K, 51% used [0x00000005c0000000,0x00000005d260fd48,0x00000005e3b00000)
 Metaspace       used 18806K, capacity 19047K, committed 19456K, reserved 1067008K
  class space    used 2167K, capacity 2251K, committed 2304K, reserved 1048576K
Event: 6.390 GC heap after
Heap after GC invocations=15 (full 3):
 PSYoungGen      total 690688K, used 143715K [0x0000000715580000, 0x0000000751600000, 0x00000007c0000000)
  eden space 410112K, 0% used [0x0000000715580000,0x0000000715580000,0x000000072e600000)
  from space 280576K, 51% used [0x0000000740400000,0x0000000749058cc0,0x0000000751600000)
  to   space 286720K, 0% used [0x000000072e600000,0x000000072e600000,0x000000073fe00000)
 ParOldGen       total 584704K, used 418017K [0x00000005c0000000, 0x00000005e3b00000, 0x0000000715580000)
  object space 584704K, 71% used [0x00000005c0000000,0x00000005d98386c8,0x00000005e3b00000)
 Metaspace       used 18806K, capacity 19047K, committed 19456K, reserved 1067008K
  class space    used 2167K, capacity 2251K, committed 2304K, reserved 1048576K
}
Event: 6.610 GC heap before
{Heap before GC invocations=16 (full 3):
 PSYoungGen      total 690688K, used 536679K [0x0000000715580000, 0x0000000751600000, 0x00000007c0000000)
  eden space 410112K, 95% used [0x0000000715580000,0x000000072d541328,0x000000072e600000)
  from space 280576K, 51% used [0x0000000740400000,0x0000000749058cc0,0x0000000751600000)
  to   space 286720K, 0% used [0x000000072e600000,0x000000072e600000,0x000000073fe00000)
 ParOldGen       total 584704K, used 418017K [0x00000005c0000000, 0x00000005e3b00000, 0x0000000715580000)
  object space 584704K, 71% used [0x00000005c0000000,0x00000005d98386c8,0x00000005e3b00000)
 Metaspace       used 18817K, capacity 19047K, committed 19456K, reserved 1067008K
  class space    used 2167K, capacity 2251K, committed 2304K, reserved 1048576K
Event: 6.616 GC heap after
Heap after GC invocations=16 (full 3):
 PSYoungGen      total 696832K, used 20288K [0x0000000715580000, 0x000000075d280000, 0x00000007c0000000)
  eden space 410112K, 0% used [0x0000000715580000,0x0000000715580000,0x000000072e600000)
  from space 286720K, 7% used [0x000000072e600000,0x000000072f9d0150,0x000000073fe00000)
  to   space 285696K, 0% used [0x000000074bb80000,0x000000074bb80000,0x000000075d280000)
 ParOldGen       total 584704K, used 428337K [0x00000005c0000000, 0x00000005e3b00000, 0x0000000715580000)
  object space 584704K, 73% used [0x00000005c0000000,0x00000005da24c768,0x00000005e3b00000)
 Metaspace       used 18817K, capacity 19047K, committed 19456K, reserved 1067008K
  class space    used 2167K, capacity 2251K, committed 2304K, reserved 1048576K
}

