# JRE version: Java(TM) SE Runtime Environment (8.0_91-b14) (build 1.8.0_91-b14)
# Java VM: Java HotSpot(TM) 64-Bit Server VM (25.91-b14 mixed mode bsd-amd64 compressed oops)
Heap:
 PSYoungGen      total 871424K, used 432355K [0x0000000715580000, 0x0000000776800000, 0x00000007c0000000)
  eden space 606720K, 63% used [0x0000000715580000,0x000000072cc68b08,0x000000073a600000)
  from space 264704K, 18% used [0x000000073a600000,0x000000073d550380,0x000000074a880000)
  to   space 254976K, 0% used [0x0000000766f00000,0x0000000766f00000,0x0000000776800000)
 ParOldGen       total 648704K, used 358129K [0x00000005c0000000, 0x00000005e7980000, 0x0000000715580000)
  object space 648704K, 55% used [0x00000005c0000000,0x00000005d5dbc668,0x00000005e7980000)
 Metaspace       used 19415K, capacity 19591K, committed 19968K, reserved 1067008K
  class space    used 2225K, capacity 2283K, committed 2304K, reserved 1048576K
GC Heap History (10 events):
Event: 4.849 GC heap before
{Heap before GC invocations=9 (full 3):
 PSYoungGen      total 284672K, used 262523K [0x0000000715580000, 0x0000000737680000, 0x00000007c0000000)
  eden space 263168K, 99% used [0x0000000715580000,0x00000007255def50,0x0000000725680000)
  from space 21504K, 0% used [0x0000000725680000,0x0000000725680000,0x0000000726b80000)
  to   space 21504K, 0% used [0x0000000736180000,0x0000000736180000,0x0000000737680000)
 ParOldGen       total 572416K, used 255682K [0x00000005c0000000, 0x00000005e2f00000, 0x0000000715580000)
  object space 572416K, 44% used [0x00000005c0000000,0x00000005cf9b0840,0x00000005e2f00000)
 Metaspace       used 18728K, capacity 18983K, committed 19200K, reserved 1067008K
  class space    used 2165K, capacity 2251K, committed 2304K, reserved 1048576K
Event: 4.874 GC heap after
Heap after GC invocations=9 (full 3):
 PSYoungGen      total 379392K, used 21344K [0x0000000715580000, 0x0000000749800000, 0x00000007c0000000)
  eden space 357888K, 0% used [0x0000000715580000,0x0000000715580000,0x000000072b300000)
  from space 21504K, 99% used [0x0000000736180000,0x00000007376581d0,0x0000000737680000)
  to   space 178688K, 0% used [0x000000072b300000,0x000000072b300000,0x0000000736180000)
 ParOldGen       total 572416K, used 395973K [0x00000005c0000000, 0x00000005e2f00000, 0x0000000715580000)
  object space 572416K, 69% used [0x00000005c0000000,0x00000005d82b14d0,0x00000005e2f00000)
 Metaspace       used 18728K, capacity 18983K, committed 19200K, reserved 1067008K
  class space    used 2165K, capacity 2251K, committed 2304K, reserved 1048576K
}
Event: 4.874 GC heap before
{Heap before GC invocations=10 (full 4):
 PSYoungGen      total 379392K, used 21344K [0x0000000715580000, 0x0000000749800000, 0x00000007c0000000)
  eden space 357888K, 0% used [0x0000000715580000,0x0000000715580000,0x000000072b300000)
  from space 21504K, 99% used [0x0000000736180000,0x00000007376581d0,0x0000000737680000)
  to   space 178688K, 0% used [0x000000072b300000,0x000000072b300000,0x0000000736180000)
 ParOldGen       total 572416K, used 395973K [0x00000005c0000000, 0x00000005e2f00000, 0x0000000715580000)
  object space 572416K, 69% used [0x00000005c0000000,0x00000005d82b14d0,0x00000005e2f00000)
 Metaspace       used 18728K, capacity 18983K, committed 19200K, reserved 1067008K
  class space    used 2165K, capacity 2251K, committed 2304K, reserved 1048576K
Event: 4.913 GC heap after
Heap after GC invocations=10 (full 4):
 PSYoungGen      total 379392K, used 0K [0x0000000715580000, 0x0000000749800000, 0x00000007c0000000)
  eden space 357888K, 0% used [0x0000000715580000,0x0000000715580000,0x000000072b300000)
  from space 21504K, 0% used [0x0000000736180000,0x0000000736180000,0x0000000737680000)
  to   space 178688K, 0% used [0x000000072b300000,0x000000072b300000,0x0000000736180000)
 ParOldGen       total 648704K, used 301280K [0x00000005c0000000, 0x00000005e7980000, 0x0000000715580000)
  object space 648704K, 46% used [0x00000005c0000000,0x00000005d26380f8,0x00000005e7980000)
 Metaspace       used 18728K, capacity 18983K, committed 19200K, reserved 1067008K
  class space    used 2165K, capacity 2251K, committed 2304K, reserved 1048576K
}
Event: 5.147 GC heap before
{Heap before GC invocations=11 (full 4):
 PSYoungGen      total 379392K, used 357494K [0x0000000715580000, 0x0000000749800000, 0x00000007c0000000)
  eden space 357888K, 99% used [0x0000000715580000,0x000000072b29d970,0x000000072b300000)
  from space 21504K, 0% used [0x0000000736180000,0x0000000736180000,0x0000000737680000)
  to   space 178688K, 0% used [0x000000072b300000,0x000000072b300000,0x0000000736180000)
 ParOldGen       total 648704K, used 301280K [0x00000005c0000000, 0x00000005e7980000, 0x0000000715580000)
  object space 648704K, 46% used [0x00000005c0000000,0x00000005d26380f8,0x00000005e7980000)
 Metaspace       used 18743K, capacity 18983K, committed 19200K, reserved 1067008K
  class space    used 2165K, capacity 2251K, committed 2304K, reserved 1048576K
Event: 5.201 GC heap after
Heap after GC invocations=11 (full 4):
 PSYoungGen      total 536576K, used 177139K [0x0000000715580000, 0x0000000757f80000, 0x00000007c0000000)
  eden space 357888K, 0% used [0x0000000715580000,0x0000000715580000,0x000000072b300000)
  from space 178688K, 99% used [0x000000072b300000,0x0000000735ffcfc0,0x0000000736180000)
  to   space 220160K, 0% used [0x000000074a880000,0x000000074a880000,0x0000000757f80000)
 ParOldGen       total 648704K, used 301288K [0x00000005c0000000, 0x00000005e7980000, 0x0000000715580000)
  object space 648704K, 46% used [0x00000005c0000000,0x00000005d263a0f8,0x00000005e7980000)
 Metaspace       used 18743K, capacity 18983K, committed 19200K, reserved 1067008K
  class space    used 2165K, capacity 2251K, committed 2304K, reserved 1048576K
}
Event: 5.390 GC heap before
{Heap before GC invocations=12 (full 4):
 PSYoungGen      total 536576K, used 534613K [0x0000000715580000, 0x0000000757f80000, 0x00000007c0000000)
  eden space 357888K, 99% used [0x0000000715580000,0x000000072b2987a0,0x000000072b300000)
  from space 178688K, 99% used [0x000000072b300000,0x0000000735ffcfc0,0x0000000736180000)
  to   space 220160K, 0% used [0x000000074a880000,0x000000074a880000,0x0000000757f80000)
 ParOldGen       total 648704K, used 301288K [0x00000005c0000000, 0x00000005e7980000, 0x0000000715580000)
  object space 648704K, 46% used [0x00000005c0000000,0x00000005d263a0f8,0x00000005e7980000)
 Metaspace       used 18749K, capacity 18983K, committed 19200K, reserved 1067008K
  class space    used 2165K, capacity 2251K, committed 2304K, reserved 1048576K
Event: 5.460 GC heap after
Heap after GC invocations=12 (full 4):
 PSYoungGen      total 826880K, used 219828K [0x0000000715580000, 0x000000075d700000, 0x00000007c0000000)
  eden space 606720K, 0% used [0x0000000715580000,0x0000000715580000,0x000000073a600000)
  from space 220160K, 99% used [0x000000074a880000,0x0000000757f2d290,0x0000000757f80000)
  to   space 264704K, 0% used [0x000000073a600000,0x000000073a600000,0x000000074a880000)
 ParOldGen       total 648704K, used 358121K [0x00000005c0000000, 0x00000005e7980000, 0x0000000715580000)
  object space 648704K, 55% used [0x00000005c0000000,0x00000005d5dba668,0x00000005e7980000)
 Metaspace       used 18749K, capacity 18983K, committed 19200K, reserved 1067008K
  class space    used 2165K, capacity 2251K, committed 2304K, reserved 1048576K
}
Event: 5.824 GC heap before
{Heap before GC invocations=13 (full 4):
 PSYoungGen      total 826880K, used 824321K [0x0000000715580000, 0x000000075d700000, 0x00000007c0000000)
  eden space 606720K, 99% used [0x0000000715580000,0x000000073a3d31c0,0x000000073a600000)
  from space 220160K, 99% used [0x000000074a880000,0x0000000757f2d290,0x0000000757f80000)
  to   space 264704K, 0% used [0x000000073a600000,0x000000073a600000,0x000000074a880000)
 ParOldGen       total 648704K, used 358121K [0x00000005c0000000, 0x00000005e7980000, 0x0000000715580000)
  object space 648704K, 55% used [0x00000005c0000000,0x00000005d5dba668,0x00000005e7980000)
 Metaspace       used 18752K, capacity 18983K, committed 19200K, reserved 1067008K
  class space    used 2165K, capacity 2251K, committed 2304K, reserved 1048576K
Event: 5.841 GC heap after
Heap after GC invocations=13 (full 4):
 PSYoungGen      total 871424K, used 48448K [0x0000000715580000, 0x0000000776800000, 0x00000007c0000000)
  eden space 606720K, 0% used [0x0000000715580000,0x0000000715580000,0x000000073a600000)
  from space 264704K, 18% used [0x000000073a600000,0x000000073d550380,0x000000074a880000)
  to   space 254976K, 0% used [0x0000000766f00000,0x0000000766f00000,0x0000000776800000)
 ParOldGen       total 648704K, used 358129K [0x00000005c0000000, 0x00000005e7980000, 0x0000000715580000)
  object space 648704K, 55% used [0x00000005c0000000,0x00000005d5dbc668,0x00000005e7980000)
 Metaspace       used 18752K, capacity 18983K, committed 19200K, reserved 1067008K
  class space    used 2165K, capacity 2251K, committed 2304K, reserved 1048576K
}

