# JRE version: Java(TM) SE Runtime Environment (8.0_91-b14) (build 1.8.0_91-b14)
# Java VM: Java HotSpot(TM) 64-Bit Server VM (25.91-b14 mixed mode bsd-amd64 compressed oops)
Heap:
 PSYoungGen      total 653824K, used 178261K [0x0000000715580000, 0x0000000764f00000, 0x00000007c0000000)
  eden space 618496K, 23% used [0x0000000715580000,0x000000071e2b3e20,0x000000073b180000)
  from space 35328K, 95% used [0x000000073b180000,0x000000073d261820,0x000000073d400000)
  to   space 157184K, 0% used [0x000000075b580000,0x000000075b580000,0x0000000764f00000)
 ParOldGen       total 671232K, used 372606K [0x00000005c0000000, 0x00000005e8f80000, 0x0000000715580000)
  object space 671232K, 55% used [0x00000005c0000000,0x00000005d6bdfae8,0x00000005e8f80000)
 Metaspace       used 16661K, capacity 16897K, committed 17024K, reserved 1064960K
  class space    used 1823K, capacity 1900K, committed 1920K, reserved 1048576K
GC Heap History (10 events):
Event: 6.272 GC heap before
{Heap before GC invocations=11 (full 1):
 PSYoungGen      total 271360K, used 262861K [0x0000000715580000, 0x0000000736980000, 0x00000007c0000000)
  eden space 241664K, 99% used [0x0000000715580000,0x00000007241635a0,0x0000000724180000)
  from space 29696K, 71% used [0x0000000724180000,0x0000000725650180,0x0000000725e80000)
  to   space 30720K, 0% used [0x0000000734b80000,0x0000000734b80000,0x0000000736980000)
 ParOldGen       total 349696K, used 37959K [0x00000005c0000000, 0x00000005d5580000, 0x0000000715580000)
  object space 349696K, 10% used [0x00000005c0000000,0x00000005c2511f18,0x00000005d5580000)
 Metaspace       used 16003K, capacity 16225K, committed 16512K, reserved 1064960K
  class space    used 1764K, capacity 1868K, committed 1920K, reserved 1048576K
Event: 6.279 GC heap after
Heap after GC invocations=11 (full 1):
 PSYoungGen      total 403968K, used 16704K [0x0000000715580000, 0x0000000735c00000, 0x00000007c0000000)
  eden space 387072K, 0% used [0x0000000715580000,0x0000000715580000,0x000000072cf80000)
  from space 16896K, 98% used [0x0000000734b80000,0x0000000735bd0100,0x0000000735c00000)
  to   space 30208K, 0% used [0x0000000732100000,0x0000000732100000,0x0000000733e80000)
 ParOldGen       total 349696K, used 46215K [0x00000005c0000000, 0x00000005d5580000, 0x0000000715580000)
  object space 349696K, 13% used [0x00000005c0000000,0x00000005c2d21f98,0x00000005d5580000)
 Metaspace       used 16003K, capacity 16225K, committed 16512K, reserved 1064960K
  class space    used 1764K, capacity 1868K, committed 1920K, reserved 1048576K
}
Event: 6.473 GC heap before
{Heap before GC invocations=12 (full 1):
 PSYoungGen      total 403968K, used 403456K [0x0000000715580000, 0x0000000735c00000, 0x00000007c0000000)
  eden space 387072K, 99% used [0x0000000715580000,0x000000072cf30128,0x000000072cf80000)
  from space 16896K, 98% used [0x0000000734b80000,0x0000000735bd0100,0x0000000735c00000)
  to   space 30208K, 0% used [0x0000000732100000,0x0000000732100000,0x0000000733e80000)
 ParOldGen       total 349696K, used 46215K [0x00000005c0000000, 0x00000005d5580000, 0x0000000715580000)
  object space 349696K, 13% used [0x00000005c0000000,0x00000005c2d21f98,0x00000005d5580000)
 Metaspace       used 16006K, capacity 16225K, committed 16512K, reserved 1064960K
  class space    used 1764K, capacity 1868K, committed 1920K, reserved 1048576K
Event: 6.486 GC heap after
Heap after GC invocations=12 (full 1):
 PSYoungGen      total 500736K, used 30016K [0x0000000715580000, 0x000000073f580000, 0x00000007c0000000)
  eden space 470528K, 0% used [0x0000000715580000,0x0000000715580000,0x0000000732100000)
  from space 30208K, 99% used [0x0000000732100000,0x0000000733e50280,0x0000000733e80000)
  to   space 34304K, 0% used [0x000000073d400000,0x000000073d400000,0x000000073f580000)
 ParOldGen       total 349696K, used 57544K [0x00000005c0000000, 0x00000005d5580000, 0x0000000715580000)
  object space 349696K, 16% used [0x00000005c0000000,0x00000005c3832048,0x00000005d5580000)
 Metaspace       used 16006K, capacity 16225K, committed 16512K, reserved 1064960K
  class space    used 1764K, capacity 1868K, committed 1920K, reserved 1048576K
}
Event: 6.675 GC heap before
{Heap before GC invocations=13 (full 1):
 PSYoungGen      total 500736K, used 500114K [0x0000000715580000, 0x000000073f580000, 0x00000007c0000000)
  eden space 470528K, 99% used [0x0000000715580000,0x0000000732094678,0x0000000732100000)
  from space 30208K, 99% used [0x0000000732100000,0x0000000733e50280,0x0000000733e80000)
  to   space 34304K, 0% used [0x000000073d400000,0x000000073d400000,0x000000073f580000)
 ParOldGen       total 349696K, used 57544K [0x00000005c0000000, 0x00000005d5580000, 0x0000000715580000)
  object space 349696K, 16% used [0x00000005c0000000,0x00000005c3832048,0x00000005d5580000)
 Metaspace       used 16010K, capacity 16225K, committed 16512K, reserved 1064960K
  class space    used 1764K, capacity 1868K, committed 1920K, reserved 1048576K
Event: 6.685 GC heap after
Heap after GC invocations=13 (full 1):
 PSYoungGen      total 652800K, used 24896K [0x0000000715580000, 0x0000000747a00000, 0x00000007c0000000)
  eden space 618496K, 0% used [0x0000000715580000,0x0000000715580000,0x000000073b180000)
  from space 34304K, 72% used [0x000000073d400000,0x000000073ec50210,0x000000073f580000)
  to   space 35328K, 0% used [0x000000073b180000,0x000000073b180000,0x000000073d400000)
 ParOldGen       total 349696K, used 75016K [0x00000005c0000000, 0x00000005d5580000, 0x0000000715580000)
  object space 349696K, 21% used [0x00000005c0000000,0x00000005c4942158,0x00000005d5580000)
 Metaspace       used 16010K, capacity 16225K, committed 16512K, reserved 1064960K
  class space    used 1764K, capacity 1868K, committed 1920K, reserved 1048576K
}
Event: 7.136 GC heap before
{Heap before GC invocations=14 (full 1):
 PSYoungGen      total 652800K, used 638472K [0x0000000715580000, 0x0000000747a00000, 0x00000007c0000000)
  eden space 618496K, 99% used [0x0000000715580000,0x000000073acb21d8,0x000000073b180000)
  from space 34304K, 72% used [0x000000073d400000,0x000000073ec50210,0x000000073f580000)
  to   space 35328K, 0% used [0x000000073b180000,0x000000073b180000,0x000000073d400000)
 ParOldGen       total 349696K, used 75016K [0x00000005c0000000, 0x00000005d5580000, 0x0000000715580000)
  object space 349696K, 21% used [0x00000005c0000000,0x00000005c4942158,0x00000005d5580000)
 Metaspace       used 16227K, capacity 16481K, committed 16768K, reserved 1064960K
  class space    used 1781K, capacity 1868K, committed 1920K, reserved 1048576K
Event: 7.270 GC heap after
Heap after GC invocations=14 (full 1):
 PSYoungGen      total 653824K, used 35296K [0x0000000715580000, 0x0000000764f00000, 0x00000007c0000000)
  eden space 618496K, 0% used [0x0000000715580000,0x0000000715580000,0x000000073b180000)
  from space 35328K, 99% used [0x000000073b180000,0x000000073d3f8040,0x000000073d400000)
  to   space 157184K, 0% used [0x000000075b580000,0x000000075b580000,0x0000000764f00000)
 ParOldGen       total 390656K, used 389859K [0x00000005c0000000, 0x00000005d7d80000, 0x0000000715580000)
  object space 390656K, 99% used [0x00000005c0000000,0x00000005d7cb8f00,0x00000005d7d80000)
 Metaspace       used 16227K, capacity 16481K, committed 16768K, reserved 1064960K
  class space    used 1781K, capacity 1868K, committed 1920K, reserved 1048576K
}
Event: 7.270 GC heap before
{Heap before GC invocations=15 (full 2):
 PSYoungGen      total 653824K, used 35296K [0x0000000715580000, 0x0000000764f00000, 0x00000007c0000000)
  eden space 618496K, 0% used [0x0000000715580000,0x0000000715580000,0x000000073b180000)
  from space 35328K, 99% used [0x000000073b180000,0x000000073d3f8040,0x000000073d400000)
  to   space 157184K, 0% used [0x000000075b580000,0x000000075b580000,0x0000000764f00000)
 ParOldGen       total 390656K, used 389859K [0x00000005c0000000, 0x00000005d7d80000, 0x0000000715580000)
  object space 390656K, 99% used [0x00000005c0000000,0x00000005d7cb8f00,0x00000005d7d80000)
 Metaspace       used 16227K, capacity 16481K, committed 16768K, reserved 1064960K
  class space    used 1781K, capacity 1868K, committed 1920K, reserved 1048576K
Event: 7.338 GC heap after
Heap after GC invocations=15 (full 2):
 PSYoungGen      total 653824K, used 33670K [0x0000000715580000, 0x0000000764f00000, 0x00000007c0000000)
  eden space 618496K, 0% used [0x0000000715580000,0x0000000715580000,0x000000073b180000)
  from space 35328K, 95% used [0x000000073b180000,0x000000073d261820,0x000000073d400000)
  to   space 157184K, 0% used [0x000000075b580000,0x000000075b580000,0x0000000764f00000)
 ParOldGen       total 671232K, used 372606K [0x00000005c0000000, 0x00000005e8f80000, 0x0000000715580000)
  object space 671232K, 55% used [0x00000005c0000000,0x00000005d6bdfae8,0x00000005e8f80000)
 Metaspace       used 16227K, capacity 16481K, committed 16768K, reserved 1064960K
  class space    used 1781K, capacity 1868K, committed 1920K, reserved 1048576K
}

